<?xml version="1.0" encoding="UTF-8"?>
<testng-results skipped="0" failed="0" total="1" passed="1">
  <reporter-output>
  </reporter-output>
  <suite name="Suite" duration-ms="3473" started-at="2019-04-13T04:25:17Z" finished-at="2019-04-13T04:25:20Z">
    <groups>
    </groups>
    <test name="Test" duration-ms="3473" started-at="2019-04-13T04:25:17Z" finished-at="2019-04-13T04:25:20Z">
      <class name="qsp.DemoA">
        <test-method status="PASS" signature="testA()[pri:0, instance:qsp.DemoA@2ed94a8b]" name="testA" duration-ms="3457" started-at="2019-04-13T09:55:17Z" finished-at="2019-04-13T09:55:20Z">
          <reporter-output>
          </reporter-output>
        </test-method> <!-- testA -->
      </class> <!-- qsp.DemoA -->
    </test> <!-- Test -->
  </suite> <!-- Suite -->
</testng-results>
